This file contains any messages produced by compilers while
running configure, to aid debugging if configure makes a mistake.

It was created by monit configure 5.5, which was
generated by GNU Autoconf 2.65.  Invocation command line was

  $ ./configure 

## --------- ##
## Platform. ##
## --------- ##

hostname = in7.hostgator.in
uname -m = x86_64
uname -r = 3.2.28
uname -s = Linux
uname -v = #1 SMP Tue Aug 28 11:59:06 CDT 2012

/usr/bin/uname -p = unknown
/bin/uname -X     = unknown

/bin/arch              = x86_64
/usr/bin/arch -k       = unknown
/usr/convex/getsysinfo = unknown
/usr/bin/hostinfo      = unknown
/bin/machine           = unknown
/usr/bin/oslevel       = unknown
/bin/universe          = unknown

PATH: /usr/local/jdk/bin
PATH: /home/webograp/perl5/bin
PATH: /usr/lib/courier-imap/bin
PATH: /usr/local/bin
PATH: /bin
PATH: /usr/bin
PATH: /usr/X11R6/bin
PATH: /usr/local/bin
PATH: /usr/X11R6/bin
PATH: /home/webograp/bin


## ----------- ##
## Core tests. ##
## ----------- ##

configure:2481: checking for a BSD-compatible install
configure:2549: result: /usr/bin/install -c
configure:2560: checking whether build environment is sane
configure:2610: result: yes
configure:2751: checking for a thread-safe mkdir -p
configure:2790: result: /bin/mkdir -p
configure:2803: checking for gawk
configure:2819: found /bin/gawk
configure:2830: result: gawk
configure:2841: checking whether make sets $(MAKE)
configure:2863: result: yes
configure:3004: checking for gcc
configure:3034: result: no
configure:3097: checking for cc
configure:3144: result: no
configure:3200: checking for cl.exe
configure:3230: result: no
configure:3254: error: in `/home/webograp/rails_apps/transport/monit-tar/monit-5.5':
configure:3257: error: no acceptable C compiler found in $PATH
See `config.log' for more details.

## ---------------- ##
## Cache variables. ##
## ---------------- ##

ac_cv_env_CC_set=
ac_cv_env_CC_value=
ac_cv_env_CFLAGS_set=
ac_cv_env_CFLAGS_value=
ac_cv_env_CPPFLAGS_set=
ac_cv_env_CPPFLAGS_value=
ac_cv_env_CPP_set=
ac_cv_env_CPP_value=
ac_cv_env_LDFLAGS_set=
ac_cv_env_LDFLAGS_value=
ac_cv_env_LIBS_set=
ac_cv_env_LIBS_value=
ac_cv_env_build_alias_set=
ac_cv_env_build_alias_value=
ac_cv_env_host_alias_set=
ac_cv_env_host_alias_value=
ac_cv_env_target_alias_set=
ac_cv_env_target_alias_value=
ac_cv_path_install='/usr/bin/install -c'
ac_cv_path_mkdir=/bin/mkdir
ac_cv_prog_AWK=gawk
ac_cv_prog_make_make_set=yes

## ----------------- ##
## Output variables. ##
## ----------------- ##

ACLOCAL='${SHELL} /home/webograp/rails_apps/transport/monit-tar/monit-5.5/config/missing --run aclocal-1.11'
AMDEPBACKSLASH=''
AMDEP_FALSE=''
AMDEP_TRUE=''
AMTAR='${SHELL} /home/webograp/rails_apps/transport/monit-tar/monit-5.5/config/missing --run tar'
AR=''
ARCH=''
AUTOCONF='${SHELL} /home/webograp/rails_apps/transport/monit-tar/monit-5.5/config/missing --run autoconf'
AUTOHEADER='${SHELL} /home/webograp/rails_apps/transport/monit-tar/monit-5.5/config/missing --run autoheader'
AUTOMAKE='${SHELL} /home/webograp/rails_apps/transport/monit-tar/monit-5.5/config/missing --run automake-1.11'
AWK='gawk'
CC=''
CCDEPMODE=''
CFLAGS=''
CPP=''
CPPFLAGS=''
CYGPATH_W='echo'
DEFS=''
DEPDIR=''
DSYMUTIL=''
DUMPBIN=''
ECHO_C=''
ECHO_N='-n'
ECHO_T=''
EGREP=''
EXEEXT=''
FGREP=''
FLEX=''
GREP=''
INSTALL_DATA='${INSTALL} -m 644'
INSTALL_PROGRAM='${INSTALL}'
INSTALL_SCRIPT='${INSTALL}'
INSTALL_STRIP_PROGRAM='$(install_sh) -c -s'
LD=''
LDFLAGS=''
LIBOBJS=''
LIBS=''
LIBTOOL=''
LIPO=''
LN_S=''
LTLIBOBJS=''
MAKEINFO='${SHELL} /home/webograp/rails_apps/transport/monit-tar/monit-5.5/config/missing --run makeinfo'
MKDIR_P='/bin/mkdir -p'
NM=''
NMEDIT=''
OBJDUMP=''
OBJEXT=''
OTOOL64=''
OTOOL=''
PACKAGE='monit'
PACKAGE_BUGREPORT='monit-general@nongnu.org'
PACKAGE_NAME='monit'
PACKAGE_STRING='monit 5.5'
PACKAGE_TARNAME='monit'
PACKAGE_URL=''
PACKAGE_VERSION='5.5'
PATH_SEPARATOR=':'
POD2MAN=''
POD2MANFLAGS=''
RANLIB=''
SED=''
SET_MAKE=''
SHELL='/bin/sh'
STRIP=''
VERSION='5.5'
YACC=''
ac_ct_CC=''
ac_ct_DUMPBIN=''
am__EXEEXT_FALSE=''
am__EXEEXT_TRUE=''
am__fastdepCC_FALSE=''
am__fastdepCC_TRUE=''
am__include=''
am__isrc=''
am__leading_dot='.'
am__quote=''
am__tar='${AMTAR} chof - "$$tardir"'
am__untar='${AMTAR} xf -'
bindir='${exec_prefix}/bin'
build=''
build_alias=''
build_cpu=''
build_os=''
build_vendor=''
datadir='${datarootdir}'
datarootdir='${prefix}/share'
docdir='${datarootdir}/doc/${PACKAGE_TARNAME}'
dvidir='${docdir}'
exec_prefix='NONE'
host=''
host_alias=''
host_cpu=''
host_os=''
host_vendor=''
htmldir='${docdir}'
includedir='${prefix}/include'
infodir='${datarootdir}/info'
install_sh='${SHELL} /home/webograp/rails_apps/transport/monit-tar/monit-5.5/config/install-sh'
libdir='${exec_prefix}/lib'
libexecdir='${exec_prefix}/libexec'
localedir='${datarootdir}/locale'
localstatedir='${prefix}/var'
lt_ECHO='echo'
mandir='${datarootdir}/man'
mkdir_p='/bin/mkdir -p'
oldincludedir='/usr/include'
pdfdir='${docdir}'
prefix='NONE'
program_transform_name='s,x,x,'
psdir='${docdir}'
sbindir='${exec_prefix}/sbin'
sharedstatedir='${prefix}/com'
sslincldir=''
ssllibdir=''
subdirs=' libmonit'
sysconfdir='${prefix}/etc'
target_alias=''

## ----------- ##
## confdefs.h. ##
## ----------- ##

/* confdefs.h */
#define PACKAGE_NAME "monit"
#define PACKAGE_TARNAME "monit"
#define PACKAGE_VERSION "5.5"
#define PACKAGE_STRING "monit 5.5"
#define PACKAGE_BUGREPORT "monit-general@nongnu.org"
#define PACKAGE_URL ""
#define PACKAGE "monit"
#define VERSION "5.5"

configure: exit 1
